2021-01-28 21:15:00,083:INFO:PyCaret Classification Module
2021-01-28 21:15:00,083:INFO:version 2.0
2021-01-28 21:15:00,083:INFO:Initializing setup()
2021-01-28 21:15:00,083:INFO:USI: 4fd2
2021-01-28 21:15:00,083:INFO:setup(data=(208, 61), target=60, train_size=0.7, sampling=True, sample_estimator=None, categorical_features=None, categorical_imputation=constant, ordinal_features=None,
                    high_cardinality_features=None, high_cardinality_method=frequency, numeric_features=None, numeric_imputation=mean, date_features=None, ignore_features=None, normalize=False,
                    normalize_method=zscore, transformation=False, transformation_method=yeo-johnson, handle_unknown_categorical=True, unknown_categorical_method=least_frequent, pca=False, pca_method=linear,
                    pca_components=None, ignore_low_variance=False, combine_rare_levels=False, rare_level_threshold=0.1, bin_numeric_features=None, remove_outliers=False, outliers_threshold=0.05,
                    remove_multicollinearity=False, multicollinearity_threshold=0.9, remove_perfect_collinearity=False, create_clusters=False, cluster_iter=20,
                    polynomial_features=False, polynomial_degree=2, trigonometry_features=False, polynomial_threshold=0.1, group_features=None,
                    group_names=None, feature_selection=False, feature_selection_threshold=0.8, feature_interaction=False, feature_ratio=False, interaction_threshold=0.01,
                    fix_imbalance=False, fix_imbalance_method=None, data_split_shuffle=True, folds_shuffle=False, n_jobs=-1, html=False, session_id=None, log_experiment=False,
                    experiment_name=None, log_plots=False, log_profile=False, log_data=False, silent=True, verbose=False, profile=False)
2021-01-28 21:15:00,084:INFO:Checking environment
2021-01-28 21:15:00,084:INFO:python_version: 3.7.6
2021-01-28 21:15:00,084:INFO:python_build: ('default', 'Jan  8 2020 13:42:34')
2021-01-28 21:15:00,084:INFO:machine: x86_64
2021-01-28 21:15:00,092:INFO:platform: Darwin-19.6.0-x86_64-i386-64bit
2021-01-28 21:15:00,108:INFO:Memory: svmem(total=17179869184, available=6137225216, percent=64.3, used=9088806912, free=70975488, active=6053797888, inactive=5883482112, wired=3035009024)
2021-01-28 21:15:00,108:INFO:Physical Core: 6
2021-01-28 21:15:00,108:INFO:Logical Core: 12
2021-01-28 21:15:00,108:INFO:Checking libraries
2021-01-28 21:15:00,108:INFO:pd==1.1.1
2021-01-28 21:15:00,108:INFO:numpy==1.19.2
2021-01-28 21:15:00,947:INFO:sklearn==0.23.2
2021-01-28 21:15:01,518:INFO:xgboost==1.1.1
2021-01-28 21:15:01,584:INFO:lightgbm==2.3.1
2021-01-28 21:15:01,635:INFO:catboost==0.23.2
2021-01-28 21:15:02,490:INFO:mlflow==1.10.0
2021-01-28 21:15:02,490:INFO:Checking Exceptions
2021-01-28 21:15:02,490:INFO:Preloading libraries
2021-01-28 21:15:02,490:INFO:Preparing display monitor
2021-01-28 21:15:02,498:INFO:Importing libraries
2021-01-28 21:15:03,109:INFO:Copying data for preprocessing
2021-01-28 21:15:03,110:INFO:Declaring global variables
2021-01-28 21:15:03,110:INFO:Declaring preprocessing parameters
2021-01-28 21:15:03,110:INFO:Importing preprocessing module
2021-01-28 21:15:03,725:INFO:Creating preprocessing pipeline
2021-01-28 21:15:03,797:INFO:Preprocessing pipeline created successfully
2021-01-28 21:15:03,797:ERROR:(Process Exit): setup has been interupted with user command 'quit'. setup must rerun.
2021-01-28 21:15:03,797:INFO:Creating grid variables
2021-01-28 21:15:03,799:INFO:Creating global containers
2021-01-28 21:15:03,849:INFO:create_model_container 0
2021-01-28 21:15:03,849:INFO:master_model_container 0
2021-01-28 21:15:03,849:INFO:display_container 0
2021-01-28 21:15:03,854:INFO:Pipeline(memory=None,
         steps=[('dtypes',
                 DataTypes_Auto_infer(categorical_features=[],
                                      display_types=False, features_todrop=[],
                                      ml_usecase='classification',
                                      numerical_features=[], target='60',
                                      time_features=[])),
                ('imputer',
                 Simple_Imputer(categorical_strategy='not_available',
                                numeric_strategy='mean',
                                target_variable=None)),
                ('new_levels1',
                 New_Catagorical_Levels...
                ('group', Empty()), ('nonliner', Empty()), ('scaling', Empty()),
                ('P_transform', Empty()), ('pt_target', Empty()),
                ('binn', Empty()), ('rem_outliers', Empty()),
                ('cluster_all', Empty()), ('dummy', Dummify(target='60')),
                ('fix_perfect', Empty()), ('clean_names', Clean_Colum_Names()),
                ('feature_select', Empty()), ('fix_multi', Empty()),
                ('dfs', Empty()), ('pca', Empty())],
         verbose=False)
2021-01-28 21:15:03,854:INFO:setup() succesfully completed......................................
2021-01-28 21:15:03,854:INFO:Initializing compare_models()
2021-01-28 21:15:03,855:INFO:compare_models(blacklist=None, whitelist=None, fold=10, round=4, sort=Accuracy, n_select=1, turbo=True, verbose=True)
2021-01-28 21:15:03,855:INFO:Checking exceptions
2021-01-28 21:15:03,856:INFO:Preloading libraries
2021-01-28 21:15:03,856:INFO:Preparing display monitor
2021-01-28 21:15:03,865:INFO:Copying training dataset
2021-01-28 21:15:03,866:INFO:Importing libraries
2021-01-28 21:15:03,883:INFO:Importing untrained models
2021-01-28 21:15:03,884:INFO:Import successful
2021-01-28 21:15:03,886:INFO:Defining folds
2021-01-28 21:15:03,886:INFO:Declaring metric variables
2021-01-28 21:15:03,887:INFO:Initializing Logistic Regression
2021-01-28 21:15:03,889:INFO:Initializing Fold 1
2021-01-28 21:15:03,890:INFO:Fitting Model
2021-01-28 21:15:03,899:INFO:Evaluating Metrics
2021-01-28 21:15:03,906:INFO:Compiling Metrics
2021-01-28 21:15:03,908:INFO:Initializing Fold 2
2021-01-28 21:15:03,909:INFO:Fitting Model
2021-01-28 21:15:03,917:INFO:Evaluating Metrics
2021-01-28 21:15:03,924:INFO:Compiling Metrics
2021-01-28 21:15:03,925:INFO:Initializing Fold 3
2021-01-28 21:15:03,926:INFO:Fitting Model
2021-01-28 21:15:03,934:INFO:Evaluating Metrics
2021-01-28 21:15:03,941:INFO:Compiling Metrics
2021-01-28 21:15:03,942:INFO:Initializing Fold 4
2021-01-28 21:15:03,943:INFO:Fitting Model
2021-01-28 21:15:03,950:INFO:Evaluating Metrics
2021-01-28 21:15:03,957:INFO:Compiling Metrics
2021-01-28 21:15:03,958:INFO:Initializing Fold 5
2021-01-28 21:15:03,959:INFO:Fitting Model
2021-01-28 21:15:03,965:INFO:Evaluating Metrics
2021-01-28 21:15:03,971:INFO:Compiling Metrics
2021-01-28 21:15:03,972:INFO:Initializing Fold 6
2021-01-28 21:15:03,973:INFO:Fitting Model
2021-01-28 21:15:03,979:INFO:Evaluating Metrics
2021-01-28 21:15:03,985:INFO:Compiling Metrics
2021-01-28 21:15:03,986:INFO:Initializing Fold 7
2021-01-28 21:15:03,987:INFO:Fitting Model
2021-01-28 21:15:03,994:INFO:Evaluating Metrics
2021-01-28 21:15:04,001:INFO:Compiling Metrics
2021-01-28 21:15:04,003:INFO:Initializing Fold 8
2021-01-28 21:15:04,004:INFO:Fitting Model
2021-01-28 21:15:04,011:INFO:Evaluating Metrics
2021-01-28 21:15:04,017:INFO:Compiling Metrics
2021-01-28 21:15:04,018:INFO:Initializing Fold 9
2021-01-28 21:15:04,019:INFO:Fitting Model
2021-01-28 21:15:04,025:INFO:Evaluating Metrics
2021-01-28 21:15:04,032:INFO:Compiling Metrics
2021-01-28 21:15:04,033:INFO:Initializing Fold 10
2021-01-28 21:15:04,034:INFO:Fitting Model
2021-01-28 21:15:04,041:INFO:Evaluating Metrics
2021-01-28 21:15:04,047:INFO:Compiling Metrics
2021-01-28 21:15:04,048:INFO:Calculating mean and std
2021-01-28 21:15:04,048:INFO:Creating metrics dataframe
2021-01-28 21:15:04,051:INFO:Initializing K Neighbors Classifier
2021-01-28 21:15:04,052:INFO:Initializing Fold 1
2021-01-28 21:15:04,053:INFO:Fitting Model
2021-01-28 21:15:04,055:INFO:Evaluating Metrics
2021-01-28 21:15:04,273:INFO:Compiling Metrics
2021-01-28 21:15:04,275:INFO:Initializing Fold 2
2021-01-28 21:15:04,276:INFO:Fitting Model
2021-01-28 21:15:04,278:INFO:Evaluating Metrics
2021-01-28 21:15:04,492:INFO:Compiling Metrics
2021-01-28 21:15:04,494:INFO:Initializing Fold 3
2021-01-28 21:15:04,495:INFO:Fitting Model
2021-01-28 21:15:04,498:INFO:Evaluating Metrics
2021-01-28 21:15:04,714:INFO:Compiling Metrics
2021-01-28 21:15:04,715:INFO:Initializing Fold 4
2021-01-28 21:15:04,717:INFO:Fitting Model
2021-01-28 21:15:04,719:INFO:Evaluating Metrics
2021-01-28 21:15:04,939:INFO:Compiling Metrics
2021-01-28 21:15:04,941:INFO:Initializing Fold 5
2021-01-28 21:15:04,942:INFO:Fitting Model
2021-01-28 21:15:04,945:INFO:Evaluating Metrics
2021-01-28 21:15:05,160:INFO:Compiling Metrics
2021-01-28 21:15:05,162:INFO:Initializing Fold 6
2021-01-28 21:15:05,163:INFO:Fitting Model
2021-01-28 21:15:05,165:INFO:Evaluating Metrics
2021-01-28 21:15:05,382:INFO:Compiling Metrics
2021-01-28 21:15:05,383:INFO:Initializing Fold 7
2021-01-28 21:15:05,384:INFO:Fitting Model
2021-01-28 21:15:05,387:INFO:Evaluating Metrics
2021-01-28 21:15:05,603:INFO:Compiling Metrics
2021-01-28 21:15:05,605:INFO:Initializing Fold 8
2021-01-28 21:15:05,606:INFO:Fitting Model
2021-01-28 21:15:05,608:INFO:Evaluating Metrics
2021-01-28 21:15:05,825:INFO:Compiling Metrics
2021-01-28 21:15:05,826:INFO:Initializing Fold 9
2021-01-28 21:15:05,827:INFO:Fitting Model
2021-01-28 21:15:05,830:INFO:Evaluating Metrics
2021-01-28 21:15:06,044:INFO:Compiling Metrics
2021-01-28 21:15:06,046:INFO:Initializing Fold 10
2021-01-28 21:15:06,047:INFO:Fitting Model
2021-01-28 21:15:06,050:INFO:Evaluating Metrics
2021-01-28 21:15:06,267:INFO:Compiling Metrics
2021-01-28 21:15:06,268:INFO:Calculating mean and std
2021-01-28 21:15:06,269:INFO:Creating metrics dataframe
2021-01-28 21:15:06,272:INFO:Initializing Naive Bayes
2021-01-28 21:15:06,274:INFO:Initializing Fold 1
2021-01-28 21:15:06,276:INFO:Fitting Model
2021-01-28 21:15:06,278:INFO:Evaluating Metrics
2021-01-28 21:15:06,285:INFO:Compiling Metrics
2021-01-28 21:15:06,287:INFO:Initializing Fold 2
2021-01-28 21:15:06,288:INFO:Fitting Model
2021-01-28 21:15:06,290:INFO:Evaluating Metrics
2021-01-28 21:15:06,298:INFO:Compiling Metrics
2021-01-28 21:15:06,299:INFO:Initializing Fold 3
2021-01-28 21:15:06,300:INFO:Fitting Model
2021-01-28 21:15:06,302:INFO:Evaluating Metrics
2021-01-28 21:15:06,309:INFO:Compiling Metrics
2021-01-28 21:15:06,311:INFO:Initializing Fold 4
2021-01-28 21:15:06,312:INFO:Fitting Model
2021-01-28 21:15:06,315:INFO:Evaluating Metrics
2021-01-28 21:15:06,322:INFO:Compiling Metrics
2021-01-28 21:15:06,324:INFO:Initializing Fold 5
2021-01-28 21:15:06,325:INFO:Fitting Model
2021-01-28 21:15:06,327:INFO:Evaluating Metrics
2021-01-28 21:15:06,334:INFO:Compiling Metrics
2021-01-28 21:15:06,336:INFO:Initializing Fold 6
2021-01-28 21:15:06,337:INFO:Fitting Model
2021-01-28 21:15:06,339:INFO:Evaluating Metrics
2021-01-28 21:15:06,346:INFO:Compiling Metrics
2021-01-28 21:15:06,347:INFO:Initializing Fold 7
2021-01-28 21:15:06,348:INFO:Fitting Model
2021-01-28 21:15:06,351:INFO:Evaluating Metrics
2021-01-28 21:15:06,359:INFO:Compiling Metrics
2021-01-28 21:15:06,361:INFO:Initializing Fold 8
2021-01-28 21:15:06,362:INFO:Fitting Model
2021-01-28 21:15:06,365:INFO:Evaluating Metrics
2021-01-28 21:15:06,372:INFO:Compiling Metrics
2021-01-28 21:15:06,374:INFO:Initializing Fold 9
2021-01-28 21:15:06,375:INFO:Fitting Model
2021-01-28 21:15:06,378:INFO:Evaluating Metrics
2021-01-28 21:15:06,385:INFO:Compiling Metrics
2021-01-28 21:15:06,386:INFO:Initializing Fold 10
2021-01-28 21:15:06,388:INFO:Fitting Model
2021-01-28 21:15:06,390:INFO:Evaluating Metrics
2021-01-28 21:15:06,398:INFO:Compiling Metrics
2021-01-28 21:15:06,399:INFO:Calculating mean and std
2021-01-28 21:15:06,399:INFO:Creating metrics dataframe
2021-01-28 21:15:06,403:INFO:Initializing Decision Tree Classifier
2021-01-28 21:15:06,405:INFO:Initializing Fold 1
2021-01-28 21:15:06,406:INFO:Fitting Model
2021-01-28 21:15:06,410:INFO:Evaluating Metrics
2021-01-28 21:15:06,417:INFO:Compiling Metrics
2021-01-28 21:15:06,418:INFO:Initializing Fold 2
2021-01-28 21:15:06,419:INFO:Fitting Model
2021-01-28 21:15:06,425:INFO:Evaluating Metrics
2021-01-28 21:15:06,434:INFO:Compiling Metrics
2021-01-28 21:15:06,436:INFO:Initializing Fold 3
2021-01-28 21:15:06,437:INFO:Fitting Model
2021-01-28 21:15:06,442:INFO:Evaluating Metrics
2021-01-28 21:15:06,450:INFO:Compiling Metrics
2021-01-28 21:15:06,452:INFO:Initializing Fold 4
2021-01-28 21:15:06,453:INFO:Fitting Model
2021-01-28 21:15:06,462:INFO:Evaluating Metrics
2021-01-28 21:15:06,473:INFO:Compiling Metrics
2021-01-28 21:15:06,474:INFO:Initializing Fold 5
2021-01-28 21:15:06,475:INFO:Fitting Model
2021-01-28 21:15:06,481:INFO:Evaluating Metrics
2021-01-28 21:15:06,491:INFO:Compiling Metrics
2021-01-28 21:15:06,493:INFO:Initializing Fold 6
2021-01-28 21:15:06,495:INFO:Fitting Model
2021-01-28 21:15:06,501:INFO:Evaluating Metrics
2021-01-28 21:15:06,509:INFO:Compiling Metrics
2021-01-28 21:15:06,511:INFO:Initializing Fold 7
2021-01-28 21:15:06,513:INFO:Fitting Model
2021-01-28 21:15:06,519:INFO:Evaluating Metrics
2021-01-28 21:15:06,527:INFO:Compiling Metrics
2021-01-28 21:15:06,529:INFO:Initializing Fold 8
2021-01-28 21:15:06,531:INFO:Fitting Model
2021-01-28 21:15:06,536:INFO:Evaluating Metrics
2021-01-28 21:15:06,542:INFO:Compiling Metrics
2021-01-28 21:15:06,544:INFO:Initializing Fold 9
2021-01-28 21:15:06,545:INFO:Fitting Model
2021-01-28 21:15:06,550:INFO:Evaluating Metrics
2021-01-28 21:15:06,559:INFO:Compiling Metrics
2021-01-28 21:15:06,561:INFO:Initializing Fold 10
2021-01-28 21:15:06,562:INFO:Fitting Model
2021-01-28 21:15:06,567:INFO:Evaluating Metrics
2021-01-28 21:15:06,575:INFO:Compiling Metrics
2021-01-28 21:15:06,577:INFO:Calculating mean and std
2021-01-28 21:15:06,577:INFO:Creating metrics dataframe
2021-01-28 21:15:06,581:INFO:Initializing SVM - Linear Kernel
2021-01-28 21:15:06,583:INFO:Initializing Fold 1
2021-01-28 21:15:06,584:INFO:Fitting Model
2021-01-28 21:15:06,588:INFO:Evaluating Metrics
2021-01-28 21:15:06,588:WARNING:model has no predict_proba attribute. pred_prob set to 0.00
2021-01-28 21:15:06,591:WARNING:model has no predict_proba attribute. AUC set to 0.00
2021-01-28 21:15:06,594:INFO:Compiling Metrics
2021-01-28 21:15:06,596:INFO:Initializing Fold 2
2021-01-28 21:15:06,598:INFO:Fitting Model
2021-01-28 21:15:06,602:INFO:Evaluating Metrics
2021-01-28 21:15:06,602:WARNING:model has no predict_proba attribute. pred_prob set to 0.00
2021-01-28 21:15:06,605:WARNING:model has no predict_proba attribute. AUC set to 0.00
2021-01-28 21:15:06,607:INFO:Compiling Metrics
2021-01-28 21:15:06,609:INFO:Initializing Fold 3
2021-01-28 21:15:06,611:INFO:Fitting Model
2021-01-28 21:15:06,615:INFO:Evaluating Metrics
2021-01-28 21:15:06,615:WARNING:model has no predict_proba attribute. pred_prob set to 0.00
2021-01-28 21:15:06,618:WARNING:model has no predict_proba attribute. AUC set to 0.00
2021-01-28 21:15:06,621:INFO:Compiling Metrics
2021-01-28 21:15:06,622:INFO:Initializing Fold 4
2021-01-28 21:15:06,624:INFO:Fitting Model
2021-01-28 21:15:06,628:INFO:Evaluating Metrics
2021-01-28 21:15:06,628:WARNING:model has no predict_proba attribute. pred_prob set to 0.00
2021-01-28 21:15:06,632:WARNING:model has no predict_proba attribute. AUC set to 0.00
2021-01-28 21:15:06,635:INFO:Compiling Metrics
2021-01-28 21:15:06,637:INFO:Initializing Fold 5
2021-01-28 21:15:06,638:INFO:Fitting Model
2021-01-28 21:15:06,642:INFO:Evaluating Metrics
2021-01-28 21:15:06,642:WARNING:model has no predict_proba attribute. pred_prob set to 0.00
2021-01-28 21:15:06,645:WARNING:model has no predict_proba attribute. AUC set to 0.00
2021-01-28 21:15:06,647:INFO:Compiling Metrics
2021-01-28 21:15:06,649:INFO:Initializing Fold 6
2021-01-28 21:15:06,650:INFO:Fitting Model
2021-01-28 21:15:06,653:INFO:Evaluating Metrics
2021-01-28 21:15:06,653:WARNING:model has no predict_proba attribute. pred_prob set to 0.00
2021-01-28 21:15:06,656:WARNING:model has no predict_proba attribute. AUC set to 0.00
2021-01-28 21:15:06,659:INFO:Compiling Metrics
2021-01-28 21:15:06,661:INFO:Initializing Fold 7
2021-01-28 21:15:06,662:INFO:Fitting Model
2021-01-28 21:15:06,665:INFO:Evaluating Metrics
2021-01-28 21:15:06,665:WARNING:model has no predict_proba attribute. pred_prob set to 0.00
2021-01-28 21:15:06,668:WARNING:model has no predict_proba attribute. AUC set to 0.00
2021-01-28 21:15:06,670:INFO:Compiling Metrics
2021-01-28 21:15:06,672:INFO:Initializing Fold 8
2021-01-28 21:15:06,673:INFO:Fitting Model
2021-01-28 21:15:06,676:INFO:Evaluating Metrics
2021-01-28 21:15:06,676:WARNING:model has no predict_proba attribute. pred_prob set to 0.00
2021-01-28 21:15:06,679:WARNING:model has no predict_proba attribute. AUC set to 0.00
2021-01-28 21:15:06,682:INFO:Compiling Metrics
2021-01-28 21:15:06,684:INFO:Initializing Fold 9
2021-01-28 21:15:06,685:INFO:Fitting Model
2021-01-28 21:15:06,688:INFO:Evaluating Metrics
2021-01-28 21:15:06,688:WARNING:model has no predict_proba attribute. pred_prob set to 0.00
2021-01-28 21:15:06,691:WARNING:model has no predict_proba attribute. AUC set to 0.00
2021-01-28 21:15:06,694:INFO:Compiling Metrics
2021-01-28 21:15:06,695:INFO:Initializing Fold 10
2021-01-28 21:15:06,696:INFO:Fitting Model
2021-01-28 21:15:06,700:INFO:Evaluating Metrics
2021-01-28 21:15:06,700:WARNING:model has no predict_proba attribute. pred_prob set to 0.00
2021-01-28 21:15:06,703:WARNING:model has no predict_proba attribute. AUC set to 0.00
2021-01-28 21:15:06,705:INFO:Compiling Metrics
2021-01-28 21:15:06,706:INFO:Calculating mean and std
2021-01-28 21:15:06,706:INFO:Creating metrics dataframe
2021-01-28 21:15:06,710:INFO:Initializing Ridge Classifier
2021-01-28 21:15:06,712:INFO:Initializing Fold 1
2021-01-28 21:15:06,713:INFO:Fitting Model
2021-01-28 21:15:06,719:INFO:Evaluating Metrics
2021-01-28 21:15:06,720:WARNING:model has no predict_proba attribute. pred_prob set to 0.00
2021-01-28 21:15:06,724:WARNING:model has no predict_proba attribute. AUC set to 0.00
2021-01-28 21:15:06,727:INFO:Compiling Metrics
2021-01-28 21:15:06,729:INFO:Initializing Fold 2
2021-01-28 21:15:06,731:INFO:Fitting Model
2021-01-28 21:15:06,737:INFO:Evaluating Metrics
2021-01-28 21:15:06,737:WARNING:model has no predict_proba attribute. pred_prob set to 0.00
2021-01-28 21:15:06,741:WARNING:model has no predict_proba attribute. AUC set to 0.00
2021-01-28 21:15:06,744:INFO:Compiling Metrics
2021-01-28 21:15:06,746:INFO:Initializing Fold 3
2021-01-28 21:15:06,748:INFO:Fitting Model
2021-01-28 21:15:06,753:INFO:Evaluating Metrics
2021-01-28 21:15:06,753:WARNING:model has no predict_proba attribute. pred_prob set to 0.00
2021-01-28 21:15:06,756:WARNING:model has no predict_proba attribute. AUC set to 0.00
2021-01-28 21:15:06,759:INFO:Compiling Metrics
2021-01-28 21:15:06,760:INFO:Initializing Fold 4
2021-01-28 21:15:06,762:INFO:Fitting Model
2021-01-28 21:15:06,766:INFO:Evaluating Metrics
2021-01-28 21:15:06,766:WARNING:model has no predict_proba attribute. pred_prob set to 0.00
2021-01-28 21:15:06,769:WARNING:model has no predict_proba attribute. AUC set to 0.00
2021-01-28 21:15:06,772:INFO:Compiling Metrics
2021-01-28 21:15:06,774:INFO:Initializing Fold 5
2021-01-28 21:15:06,775:INFO:Fitting Model
2021-01-28 21:15:06,779:INFO:Evaluating Metrics
2021-01-28 21:15:06,779:WARNING:model has no predict_proba attribute. pred_prob set to 0.00
2021-01-28 21:15:06,782:WARNING:model has no predict_proba attribute. AUC set to 0.00
2021-01-28 21:15:06,785:INFO:Compiling Metrics
2021-01-28 21:15:06,787:INFO:Initializing Fold 6
2021-01-28 21:15:06,788:INFO:Fitting Model
2021-01-28 21:15:06,792:INFO:Evaluating Metrics
2021-01-28 21:15:06,792:WARNING:model has no predict_proba attribute. pred_prob set to 0.00
2021-01-28 21:15:06,795:WARNING:model has no predict_proba attribute. AUC set to 0.00
2021-01-28 21:15:06,797:INFO:Compiling Metrics
2021-01-28 21:15:06,799:INFO:Initializing Fold 7
2021-01-28 21:15:06,800:INFO:Fitting Model
2021-01-28 21:15:06,804:INFO:Evaluating Metrics
2021-01-28 21:15:06,804:WARNING:model has no predict_proba attribute. pred_prob set to 0.00
2021-01-28 21:15:06,807:WARNING:model has no predict_proba attribute. AUC set to 0.00
2021-01-28 21:15:06,810:INFO:Compiling Metrics
2021-01-28 21:15:06,811:INFO:Initializing Fold 8
2021-01-28 21:15:06,812:INFO:Fitting Model
2021-01-28 21:15:06,816:INFO:Evaluating Metrics
2021-01-28 21:15:06,816:WARNING:model has no predict_proba attribute. pred_prob set to 0.00
2021-01-28 21:15:06,819:WARNING:model has no predict_proba attribute. AUC set to 0.00
2021-01-28 21:15:06,821:INFO:Compiling Metrics
2021-01-28 21:15:06,823:INFO:Initializing Fold 9
2021-01-28 21:15:06,824:INFO:Fitting Model
2021-01-28 21:15:06,828:INFO:Evaluating Metrics
2021-01-28 21:15:06,828:WARNING:model has no predict_proba attribute. pred_prob set to 0.00
2021-01-28 21:15:06,831:WARNING:model has no predict_proba attribute. AUC set to 0.00
2021-01-28 21:15:06,833:INFO:Compiling Metrics
2021-01-28 21:15:06,835:INFO:Initializing Fold 10
2021-01-28 21:15:06,836:INFO:Fitting Model
2021-01-28 21:15:06,840:INFO:Evaluating Metrics
2021-01-28 21:15:06,840:WARNING:model has no predict_proba attribute. pred_prob set to 0.00
2021-01-28 21:15:06,843:WARNING:model has no predict_proba attribute. AUC set to 0.00
2021-01-28 21:15:06,845:INFO:Compiling Metrics
2021-01-28 21:15:06,847:INFO:Calculating mean and std
2021-01-28 21:15:06,847:INFO:Creating metrics dataframe
2021-01-28 21:15:06,850:INFO:Initializing Random Forest Classifier
2021-01-28 21:15:06,852:INFO:Initializing Fold 1
2021-01-28 21:15:06,854:INFO:Fitting Model
2021-01-28 21:15:06,964:INFO:Evaluating Metrics
2021-01-28 21:15:07,176:INFO:Compiling Metrics
2021-01-28 21:15:07,177:INFO:Initializing Fold 2
2021-01-28 21:15:07,178:INFO:Fitting Model
2021-01-28 21:15:07,293:INFO:Evaluating Metrics
2021-01-28 21:15:07,513:INFO:Compiling Metrics
2021-01-28 21:15:07,514:INFO:Initializing Fold 3
2021-01-28 21:15:07,515:INFO:Fitting Model
2021-01-28 21:15:07,628:INFO:Evaluating Metrics
2021-01-28 21:15:07,846:INFO:Compiling Metrics
2021-01-28 21:15:07,847:INFO:Initializing Fold 4
2021-01-28 21:15:07,849:INFO:Fitting Model
2021-01-28 21:15:07,958:INFO:Evaluating Metrics
2021-01-28 21:15:08,176:INFO:Compiling Metrics
2021-01-28 21:15:08,177:INFO:Initializing Fold 5
2021-01-28 21:15:08,178:INFO:Fitting Model
2021-01-28 21:15:08,290:INFO:Evaluating Metrics
2021-01-28 21:15:08,507:INFO:Compiling Metrics
2021-01-28 21:15:08,509:INFO:Initializing Fold 6
2021-01-28 21:15:08,510:INFO:Fitting Model
2021-01-28 21:15:08,620:INFO:Evaluating Metrics
2021-01-28 21:15:08,838:INFO:Compiling Metrics
2021-01-28 21:15:08,840:INFO:Initializing Fold 7
2021-01-28 21:15:08,841:INFO:Fitting Model
2021-01-28 21:15:08,950:INFO:Evaluating Metrics
2021-01-28 21:15:09,170:INFO:Compiling Metrics
2021-01-28 21:15:09,172:INFO:Initializing Fold 8
2021-01-28 21:15:09,173:INFO:Fitting Model
2021-01-28 21:15:09,281:INFO:Evaluating Metrics
2021-01-28 21:15:09,498:INFO:Compiling Metrics
2021-01-28 21:15:09,500:INFO:Initializing Fold 9
2021-01-28 21:15:09,501:INFO:Fitting Model
2021-01-28 21:15:09,610:INFO:Evaluating Metrics
2021-01-28 21:15:09,824:INFO:Compiling Metrics
2021-01-28 21:15:09,826:INFO:Initializing Fold 10
2021-01-28 21:15:09,827:INFO:Fitting Model
2021-01-28 21:15:09,936:INFO:Evaluating Metrics
2021-01-28 21:15:10,154:INFO:Compiling Metrics
2021-01-28 21:15:10,155:INFO:Calculating mean and std
2021-01-28 21:15:10,156:INFO:Creating metrics dataframe
2021-01-28 21:15:10,159:INFO:Initializing Quadratic Discriminant Analysis
2021-01-28 21:15:10,161:INFO:Initializing Fold 1
2021-01-28 21:15:10,162:INFO:Fitting Model
2021-01-28 21:15:10,166:INFO:Evaluating Metrics
2021-01-28 21:15:10,172:INFO:Compiling Metrics
2021-01-28 21:15:10,173:INFO:Initializing Fold 2
2021-01-28 21:15:10,174:INFO:Fitting Model
2021-01-28 21:15:10,177:INFO:Evaluating Metrics
2021-01-28 21:15:10,184:INFO:Compiling Metrics
2021-01-28 21:15:10,185:INFO:Initializing Fold 3
2021-01-28 21:15:10,186:INFO:Fitting Model
2021-01-28 21:15:10,189:INFO:Evaluating Metrics
2021-01-28 21:15:10,196:INFO:Compiling Metrics
2021-01-28 21:15:10,197:INFO:Initializing Fold 4
2021-01-28 21:15:10,198:INFO:Fitting Model
2021-01-28 21:15:10,202:INFO:Evaluating Metrics
2021-01-28 21:15:10,208:INFO:Compiling Metrics
2021-01-28 21:15:10,209:INFO:Initializing Fold 5
2021-01-28 21:15:10,210:INFO:Fitting Model
2021-01-28 21:15:10,213:INFO:Evaluating Metrics
2021-01-28 21:15:10,219:INFO:Compiling Metrics
2021-01-28 21:15:10,220:INFO:Initializing Fold 6
2021-01-28 21:15:10,221:INFO:Fitting Model
2021-01-28 21:15:10,225:INFO:Evaluating Metrics
2021-01-28 21:15:10,231:INFO:Compiling Metrics
2021-01-28 21:15:10,232:INFO:Initializing Fold 7
2021-01-28 21:15:10,233:INFO:Fitting Model
2021-01-28 21:15:10,237:INFO:Evaluating Metrics
2021-01-28 21:15:10,243:INFO:Compiling Metrics
2021-01-28 21:15:10,244:INFO:Initializing Fold 8
2021-01-28 21:15:10,245:INFO:Fitting Model
2021-01-28 21:15:10,249:INFO:Evaluating Metrics
2021-01-28 21:15:10,255:INFO:Compiling Metrics
2021-01-28 21:15:10,256:INFO:Initializing Fold 9
2021-01-28 21:15:10,257:INFO:Fitting Model
2021-01-28 21:15:10,260:INFO:Evaluating Metrics
2021-01-28 21:15:10,267:INFO:Compiling Metrics
2021-01-28 21:15:10,268:INFO:Initializing Fold 10
2021-01-28 21:15:10,269:INFO:Fitting Model
2021-01-28 21:15:10,272:INFO:Evaluating Metrics
2021-01-28 21:15:10,278:INFO:Compiling Metrics
2021-01-28 21:15:10,279:INFO:Calculating mean and std
2021-01-28 21:15:10,279:INFO:Creating metrics dataframe
2021-01-28 21:15:10,282:INFO:Initializing Ada Boost Classifier
2021-01-28 21:15:10,284:INFO:Initializing Fold 1
2021-01-28 21:15:10,285:INFO:Fitting Model
2021-01-28 21:15:10,361:INFO:Evaluating Metrics
2021-01-28 21:15:10,378:INFO:Compiling Metrics
2021-01-28 21:15:10,379:INFO:Initializing Fold 2
2021-01-28 21:15:10,380:INFO:Fitting Model
2021-01-28 21:15:10,458:INFO:Evaluating Metrics
2021-01-28 21:15:10,476:INFO:Compiling Metrics
2021-01-28 21:15:10,477:INFO:Initializing Fold 3
2021-01-28 21:15:10,478:INFO:Fitting Model
2021-01-28 21:15:10,556:INFO:Evaluating Metrics
2021-01-28 21:15:10,573:INFO:Compiling Metrics
2021-01-28 21:15:10,574:INFO:Initializing Fold 4
2021-01-28 21:15:10,575:INFO:Fitting Model
2021-01-28 21:15:10,649:INFO:Evaluating Metrics
2021-01-28 21:15:10,666:INFO:Compiling Metrics
2021-01-28 21:15:10,667:INFO:Initializing Fold 5
2021-01-28 21:15:10,668:INFO:Fitting Model
2021-01-28 21:15:10,743:INFO:Evaluating Metrics
2021-01-28 21:15:10,760:INFO:Compiling Metrics
2021-01-28 21:15:10,761:INFO:Initializing Fold 6
2021-01-28 21:15:10,762:INFO:Fitting Model
2021-01-28 21:15:10,840:INFO:Evaluating Metrics
2021-01-28 21:15:10,857:INFO:Compiling Metrics
2021-01-28 21:15:10,858:INFO:Initializing Fold 7
2021-01-28 21:15:10,859:INFO:Fitting Model
2021-01-28 21:15:10,933:INFO:Evaluating Metrics
2021-01-28 21:15:10,950:INFO:Compiling Metrics
2021-01-28 21:15:10,952:INFO:Initializing Fold 8
2021-01-28 21:15:10,953:INFO:Fitting Model
2021-01-28 21:15:11,026:INFO:Evaluating Metrics
2021-01-28 21:15:11,044:INFO:Compiling Metrics
2021-01-28 21:15:11,045:INFO:Initializing Fold 9
2021-01-28 21:15:11,046:INFO:Fitting Model
2021-01-28 21:15:11,120:INFO:Evaluating Metrics
2021-01-28 21:15:11,138:INFO:Compiling Metrics
2021-01-28 21:15:11,139:INFO:Initializing Fold 10
2021-01-28 21:15:11,140:INFO:Fitting Model
2021-01-28 21:15:11,215:INFO:Evaluating Metrics
2021-01-28 21:15:11,232:INFO:Compiling Metrics
2021-01-28 21:15:11,233:INFO:Calculating mean and std
2021-01-28 21:15:11,233:INFO:Creating metrics dataframe
2021-01-28 21:15:11,236:INFO:Initializing Gradient Boosting Classifier
2021-01-28 21:15:11,237:INFO:Initializing Fold 1
2021-01-28 21:15:11,238:INFO:Fitting Model
2021-01-28 21:15:11,389:INFO:Evaluating Metrics
2021-01-28 21:15:11,396:INFO:Compiling Metrics
2021-01-28 21:15:11,397:INFO:Initializing Fold 2
2021-01-28 21:15:11,398:INFO:Fitting Model
2021-01-28 21:15:11,551:INFO:Evaluating Metrics
2021-01-28 21:15:11,557:INFO:Compiling Metrics
2021-01-28 21:15:11,558:INFO:Initializing Fold 3
2021-01-28 21:15:11,559:INFO:Fitting Model
2021-01-28 21:15:11,710:INFO:Evaluating Metrics
2021-01-28 21:15:11,716:INFO:Compiling Metrics
2021-01-28 21:15:11,717:INFO:Initializing Fold 4
2021-01-28 21:15:11,718:INFO:Fitting Model
2021-01-28 21:15:11,879:INFO:Evaluating Metrics
2021-01-28 21:15:11,885:INFO:Compiling Metrics
2021-01-28 21:15:11,887:INFO:Initializing Fold 5
2021-01-28 21:15:11,888:INFO:Fitting Model
2021-01-28 21:15:12,042:INFO:Evaluating Metrics
2021-01-28 21:15:12,048:INFO:Compiling Metrics
2021-01-28 21:15:12,049:INFO:Initializing Fold 6
2021-01-28 21:15:12,050:INFO:Fitting Model
2021-01-28 21:15:12,203:INFO:Evaluating Metrics
2021-01-28 21:15:12,209:INFO:Compiling Metrics
2021-01-28 21:15:12,210:INFO:Initializing Fold 7
2021-01-28 21:15:12,211:INFO:Fitting Model
2021-01-28 21:15:12,363:INFO:Evaluating Metrics
2021-01-28 21:15:12,369:INFO:Compiling Metrics
2021-01-28 21:15:12,370:INFO:Initializing Fold 8
2021-01-28 21:15:12,371:INFO:Fitting Model
2021-01-28 21:15:12,524:INFO:Evaluating Metrics
2021-01-28 21:15:12,530:INFO:Compiling Metrics
2021-01-28 21:15:12,531:INFO:Initializing Fold 9
2021-01-28 21:15:12,532:INFO:Fitting Model
2021-01-28 21:15:12,683:INFO:Evaluating Metrics
2021-01-28 21:15:12,689:INFO:Compiling Metrics
2021-01-28 21:15:12,690:INFO:Initializing Fold 10
2021-01-28 21:15:12,691:INFO:Fitting Model
2021-01-28 21:15:12,845:INFO:Evaluating Metrics
2021-01-28 21:15:12,852:INFO:Compiling Metrics
2021-01-28 21:15:12,853:INFO:Calculating mean and std
2021-01-28 21:15:12,853:INFO:Creating metrics dataframe
2021-01-28 21:15:12,856:INFO:Initializing Linear Discriminant Analysis
2021-01-28 21:15:12,857:INFO:Initializing Fold 1
2021-01-28 21:15:12,858:INFO:Fitting Model
2021-01-28 21:15:12,863:INFO:Evaluating Metrics
2021-01-28 21:15:12,870:INFO:Compiling Metrics
2021-01-28 21:15:12,872:INFO:Initializing Fold 2
2021-01-28 21:15:12,873:INFO:Fitting Model
2021-01-28 21:15:12,878:INFO:Evaluating Metrics
2021-01-28 21:15:12,885:INFO:Compiling Metrics
2021-01-28 21:15:12,886:INFO:Initializing Fold 3
2021-01-28 21:15:12,888:INFO:Fitting Model
2021-01-28 21:15:12,892:INFO:Evaluating Metrics
2021-01-28 21:15:12,900:INFO:Compiling Metrics
2021-01-28 21:15:12,902:INFO:Initializing Fold 4
2021-01-28 21:15:12,903:INFO:Fitting Model
2021-01-28 21:15:12,908:INFO:Evaluating Metrics
2021-01-28 21:15:12,915:INFO:Compiling Metrics
2021-01-28 21:15:12,917:INFO:Initializing Fold 5
2021-01-28 21:15:12,918:INFO:Fitting Model
2021-01-28 21:15:12,922:INFO:Evaluating Metrics
2021-01-28 21:15:12,929:INFO:Compiling Metrics
2021-01-28 21:15:12,931:INFO:Initializing Fold 6
2021-01-28 21:15:12,932:INFO:Fitting Model
2021-01-28 21:15:12,937:INFO:Evaluating Metrics
2021-01-28 21:15:12,944:INFO:Compiling Metrics
2021-01-28 21:15:12,945:INFO:Initializing Fold 7
2021-01-28 21:15:12,946:INFO:Fitting Model
2021-01-28 21:15:12,951:INFO:Evaluating Metrics
2021-01-28 21:15:12,959:INFO:Compiling Metrics
2021-01-28 21:15:12,960:INFO:Initializing Fold 8
2021-01-28 21:15:12,961:INFO:Fitting Model
2021-01-28 21:15:12,966:INFO:Evaluating Metrics
2021-01-28 21:15:12,973:INFO:Compiling Metrics
2021-01-28 21:15:12,975:INFO:Initializing Fold 9
2021-01-28 21:15:12,976:INFO:Fitting Model
2021-01-28 21:15:12,981:INFO:Evaluating Metrics
2021-01-28 21:15:12,988:INFO:Compiling Metrics
2021-01-28 21:15:12,989:INFO:Initializing Fold 10
2021-01-28 21:15:12,990:INFO:Fitting Model
2021-01-28 21:15:12,995:INFO:Evaluating Metrics
2021-01-28 21:15:13,003:INFO:Compiling Metrics
2021-01-28 21:15:13,004:INFO:Calculating mean and std
2021-01-28 21:15:13,004:INFO:Creating metrics dataframe
2021-01-28 21:15:13,008:INFO:Initializing Extra Trees Classifier
2021-01-28 21:15:13,009:INFO:Initializing Fold 1
2021-01-28 21:15:13,011:INFO:Fitting Model
2021-01-28 21:15:13,161:INFO:Evaluating Metrics
2021-01-28 21:15:13,381:INFO:Compiling Metrics
2021-01-28 21:15:13,383:INFO:Initializing Fold 2
2021-01-28 21:15:13,384:INFO:Fitting Model
2021-01-28 21:15:13,527:INFO:Evaluating Metrics
2021-01-28 21:15:13,744:INFO:Compiling Metrics
2021-01-28 21:15:13,746:INFO:Initializing Fold 3
2021-01-28 21:15:13,747:INFO:Fitting Model
2021-01-28 21:15:13,894:INFO:Evaluating Metrics
2021-01-28 21:15:14,112:INFO:Compiling Metrics
2021-01-28 21:15:14,114:INFO:Initializing Fold 4
2021-01-28 21:15:14,115:INFO:Fitting Model
2021-01-28 21:15:14,262:INFO:Evaluating Metrics
2021-01-28 21:15:14,483:INFO:Compiling Metrics
2021-01-28 21:15:14,484:INFO:Initializing Fold 5
2021-01-28 21:15:14,485:INFO:Fitting Model
2021-01-28 21:15:14,626:INFO:Evaluating Metrics
2021-01-28 21:15:14,840:INFO:Compiling Metrics
2021-01-28 21:15:14,842:INFO:Initializing Fold 6
2021-01-28 21:15:14,843:INFO:Fitting Model
2021-01-28 21:15:14,990:INFO:Evaluating Metrics
2021-01-28 21:15:15,204:INFO:Compiling Metrics
2021-01-28 21:15:15,205:INFO:Initializing Fold 7
2021-01-28 21:15:15,206:INFO:Fitting Model
2021-01-28 21:15:15,350:INFO:Evaluating Metrics
2021-01-28 21:15:15,568:INFO:Compiling Metrics
2021-01-28 21:15:15,570:INFO:Initializing Fold 8
2021-01-28 21:15:15,571:INFO:Fitting Model
2021-01-28 21:15:15,711:INFO:Evaluating Metrics
2021-01-28 21:15:15,933:INFO:Compiling Metrics
2021-01-28 21:15:15,934:INFO:Initializing Fold 9
2021-01-28 21:15:15,936:INFO:Fitting Model
2021-01-28 21:15:16,087:INFO:Evaluating Metrics
2021-01-28 21:15:16,298:INFO:Compiling Metrics
2021-01-28 21:15:16,300:INFO:Initializing Fold 10
2021-01-28 21:15:16,301:INFO:Fitting Model
2021-01-28 21:15:16,437:INFO:Evaluating Metrics
2021-01-28 21:15:16,654:INFO:Compiling Metrics
2021-01-28 21:15:16,656:INFO:Calculating mean and std
2021-01-28 21:15:16,656:INFO:Creating metrics dataframe
2021-01-28 21:15:16,660:INFO:Initializing Extreme Gradient Boosting
2021-01-28 21:15:16,661:INFO:Initializing Fold 1
2021-01-28 21:15:16,663:INFO:Fitting Model
2021-01-28 21:15:16,718:INFO:Evaluating Metrics
2021-01-28 21:15:16,725:INFO:Compiling Metrics
2021-01-28 21:15:16,727:INFO:Initializing Fold 2
2021-01-28 21:15:16,729:INFO:Fitting Model
2021-01-28 21:15:16,773:INFO:Evaluating Metrics
2021-01-28 21:15:16,780:INFO:Compiling Metrics
2021-01-28 21:15:16,782:INFO:Initializing Fold 3
2021-01-28 21:15:16,783:INFO:Fitting Model
2021-01-28 21:15:16,826:INFO:Evaluating Metrics
2021-01-28 21:15:16,834:INFO:Compiling Metrics
2021-01-28 21:15:16,836:INFO:Initializing Fold 4
2021-01-28 21:15:16,837:INFO:Fitting Model
2021-01-28 21:15:16,877:INFO:Evaluating Metrics
2021-01-28 21:15:16,883:INFO:Compiling Metrics
2021-01-28 21:15:16,884:INFO:Initializing Fold 5
2021-01-28 21:15:16,885:INFO:Fitting Model
2021-01-28 21:15:16,918:INFO:Evaluating Metrics
2021-01-28 21:15:16,924:INFO:Compiling Metrics
2021-01-28 21:15:16,925:INFO:Initializing Fold 6
2021-01-28 21:15:16,926:INFO:Fitting Model
2021-01-28 21:15:16,959:INFO:Evaluating Metrics
2021-01-28 21:15:16,964:INFO:Compiling Metrics
2021-01-28 21:15:16,965:INFO:Initializing Fold 7
2021-01-28 21:15:16,966:INFO:Fitting Model
2021-01-28 21:15:17,000:INFO:Evaluating Metrics
2021-01-28 21:15:17,005:INFO:Compiling Metrics
2021-01-28 21:15:17,007:INFO:Initializing Fold 8
2021-01-28 21:15:17,008:INFO:Fitting Model
2021-01-28 21:15:17,041:INFO:Evaluating Metrics
2021-01-28 21:15:17,046:INFO:Compiling Metrics
2021-01-28 21:15:17,048:INFO:Initializing Fold 9
2021-01-28 21:15:17,048:INFO:Fitting Model
2021-01-28 21:15:17,080:INFO:Evaluating Metrics
2021-01-28 21:15:17,085:INFO:Compiling Metrics
2021-01-28 21:15:17,086:INFO:Initializing Fold 10
2021-01-28 21:15:17,087:INFO:Fitting Model
2021-01-28 21:15:17,121:INFO:Evaluating Metrics
2021-01-28 21:15:17,126:INFO:Compiling Metrics
2021-01-28 21:15:17,127:INFO:Calculating mean and std
2021-01-28 21:15:17,127:INFO:Creating metrics dataframe
2021-01-28 21:15:17,130:INFO:Initializing Light Gradient Boosting Machine
2021-01-28 21:15:17,131:INFO:Initializing Fold 1
2021-01-28 21:15:17,133:INFO:Fitting Model
2021-01-28 21:15:17,160:INFO:Evaluating Metrics
2021-01-28 21:15:17,166:INFO:Compiling Metrics
2021-01-28 21:15:17,167:INFO:Initializing Fold 2
2021-01-28 21:15:17,168:INFO:Fitting Model
2021-01-28 21:15:17,190:INFO:Evaluating Metrics
2021-01-28 21:15:17,196:INFO:Compiling Metrics
2021-01-28 21:15:17,197:INFO:Initializing Fold 3
2021-01-28 21:15:17,198:INFO:Fitting Model
2021-01-28 21:15:17,220:INFO:Evaluating Metrics
2021-01-28 21:15:17,226:INFO:Compiling Metrics
2021-01-28 21:15:17,227:INFO:Initializing Fold 4
2021-01-28 21:15:17,228:INFO:Fitting Model
2021-01-28 21:15:17,251:INFO:Evaluating Metrics
2021-01-28 21:15:17,257:INFO:Compiling Metrics
2021-01-28 21:15:17,258:INFO:Initializing Fold 5
2021-01-28 21:15:17,259:INFO:Fitting Model
2021-01-28 21:15:17,282:INFO:Evaluating Metrics
2021-01-28 21:15:17,288:INFO:Compiling Metrics
2021-01-28 21:15:17,289:INFO:Initializing Fold 6
2021-01-28 21:15:17,290:INFO:Fitting Model
2021-01-28 21:15:17,313:INFO:Evaluating Metrics
2021-01-28 21:15:17,319:INFO:Compiling Metrics
2021-01-28 21:15:17,320:INFO:Initializing Fold 7
2021-01-28 21:15:17,321:INFO:Fitting Model
2021-01-28 21:15:17,343:INFO:Evaluating Metrics
2021-01-28 21:15:17,349:INFO:Compiling Metrics
2021-01-28 21:15:17,351:INFO:Initializing Fold 8
2021-01-28 21:15:17,351:INFO:Fitting Model
2021-01-28 21:15:17,374:INFO:Evaluating Metrics
2021-01-28 21:15:17,380:INFO:Compiling Metrics
2021-01-28 21:15:17,381:INFO:Initializing Fold 9
2021-01-28 21:15:17,382:INFO:Fitting Model
2021-01-28 21:15:17,404:INFO:Evaluating Metrics
2021-01-28 21:15:17,410:INFO:Compiling Metrics
2021-01-28 21:15:17,411:INFO:Initializing Fold 10
2021-01-28 21:15:17,412:INFO:Fitting Model
2021-01-28 21:15:17,435:INFO:Evaluating Metrics
2021-01-28 21:15:17,441:INFO:Compiling Metrics
2021-01-28 21:15:17,443:INFO:Calculating mean and std
2021-01-28 21:15:17,443:INFO:Creating metrics dataframe
2021-01-28 21:15:17,446:INFO:Initializing CatBoost Classifier
2021-01-28 21:15:17,448:INFO:Initializing Fold 1
2021-01-28 21:15:17,449:INFO:Fitting Model
2021-01-28 21:15:19,758:INFO:Evaluating Metrics
2021-01-28 21:15:19,768:INFO:Compiling Metrics
2021-01-28 21:15:19,770:INFO:Initializing Fold 2
2021-01-28 21:15:19,772:INFO:Fitting Model
2021-01-28 21:15:21,801:INFO:Evaluating Metrics
2021-01-28 21:15:21,808:INFO:Compiling Metrics
2021-01-28 21:15:21,810:INFO:Initializing Fold 3
2021-01-28 21:15:21,811:INFO:Fitting Model
2021-01-28 21:15:23,911:INFO:Evaluating Metrics
2021-01-28 21:15:23,919:INFO:Compiling Metrics
2021-01-28 21:15:23,920:INFO:Initializing Fold 4
2021-01-28 21:15:23,921:INFO:Fitting Model
2021-01-28 21:15:25,789:INFO:Evaluating Metrics
2021-01-28 21:15:25,799:INFO:Compiling Metrics
2021-01-28 21:15:25,801:INFO:Initializing Fold 5
2021-01-28 21:15:25,802:INFO:Fitting Model
2021-01-28 21:15:27,833:INFO:Evaluating Metrics
2021-01-28 21:15:27,841:INFO:Compiling Metrics
2021-01-28 21:15:27,843:INFO:Initializing Fold 6
2021-01-28 21:15:27,844:INFO:Fitting Model
2021-01-28 21:15:30,036:INFO:Evaluating Metrics
2021-01-28 21:15:30,044:INFO:Compiling Metrics
2021-01-28 21:15:30,045:INFO:Initializing Fold 7
2021-01-28 21:15:30,046:INFO:Fitting Model
2021-01-28 21:15:32,178:INFO:Evaluating Metrics
2021-01-28 21:15:32,186:INFO:Compiling Metrics
2021-01-28 21:15:32,187:INFO:Initializing Fold 8
2021-01-28 21:15:32,188:INFO:Fitting Model
2021-01-28 21:15:34,070:INFO:Evaluating Metrics
2021-01-28 21:15:34,079:INFO:Compiling Metrics
2021-01-28 21:15:34,080:INFO:Initializing Fold 9
2021-01-28 21:15:34,081:INFO:Fitting Model
2021-01-28 21:15:36,047:INFO:Evaluating Metrics
2021-01-28 21:15:36,054:INFO:Compiling Metrics
2021-01-28 21:15:36,056:INFO:Initializing Fold 10
2021-01-28 21:15:36,057:INFO:Fitting Model
2021-01-28 21:15:38,135:INFO:Evaluating Metrics
2021-01-28 21:15:38,144:INFO:Compiling Metrics
2021-01-28 21:15:38,145:INFO:Calculating mean and std
2021-01-28 21:15:38,145:INFO:Creating metrics dataframe
2021-01-28 21:15:38,150:INFO:Finalizing top_n models
2021-01-28 21:15:38,150:INFO:SubProcess create_model() called ==================================
2021-01-28 21:15:38,151:INFO:Initializing create_model()
2021-01-28 21:15:38,151:INFO:create_model(estimator=catboost, ensemble=False, method=None, fold=10, round=4, cross_validation=True, verbose=False, system=False)
2021-01-28 21:15:38,151:INFO:Checking exceptions
2021-01-28 21:15:38,151:INFO:Preloading libraries
2021-01-28 21:15:38,151:INFO:Preparing display monitor
2021-01-28 21:15:38,157:INFO:Copying training dataset
2021-01-28 21:15:38,157:INFO:Importing libraries
2021-01-28 21:15:38,158:INFO:Defining folds
2021-01-28 21:15:38,158:INFO:Declaring metric variables
2021-01-28 21:15:38,158:INFO:Importing untrained model
2021-01-28 21:15:38,158:INFO:CatBoost Classifier Imported succesfully
2021-01-28 21:15:38,159:INFO:Checking ensemble method
2021-01-28 21:15:38,161:INFO:Initializing Fold 1
2021-01-28 21:15:38,161:INFO:Fitting Model
2021-01-28 21:15:40,634:INFO:Evaluating Metrics
2021-01-28 21:15:40,643:INFO:Compiling Metrics
2021-01-28 21:15:40,647:INFO:Initializing Fold 2
2021-01-28 21:15:40,648:INFO:Fitting Model
2021-01-28 21:15:43,012:INFO:Evaluating Metrics
2021-01-28 21:15:43,022:INFO:Compiling Metrics
2021-01-28 21:15:43,026:INFO:Initializing Fold 3
2021-01-28 21:15:43,027:INFO:Fitting Model
2021-01-28 21:15:44,969:INFO:Evaluating Metrics
2021-01-28 21:15:44,977:INFO:Compiling Metrics
2021-01-28 21:15:44,981:INFO:Initializing Fold 4
2021-01-28 21:15:44,982:INFO:Fitting Model
2021-01-28 21:15:47,130:INFO:Evaluating Metrics
2021-01-28 21:15:47,138:INFO:Compiling Metrics
2021-01-28 21:15:47,142:INFO:Initializing Fold 5
2021-01-28 21:15:47,142:INFO:Fitting Model
2021-01-28 21:15:49,324:INFO:Evaluating Metrics
2021-01-28 21:15:49,335:INFO:Compiling Metrics
2021-01-28 21:15:49,340:INFO:Initializing Fold 6
2021-01-28 21:15:49,341:INFO:Fitting Model
2021-01-28 21:15:51,662:INFO:Evaluating Metrics
2021-01-28 21:15:51,674:INFO:Compiling Metrics
2021-01-28 21:15:51,680:INFO:Initializing Fold 7
2021-01-28 21:15:51,681:INFO:Fitting Model
2021-01-28 21:15:53,879:INFO:Evaluating Metrics
2021-01-28 21:15:53,889:INFO:Compiling Metrics
2021-01-28 21:15:53,894:INFO:Initializing Fold 8
2021-01-28 21:15:53,895:INFO:Fitting Model
2021-01-28 21:15:56,334:INFO:Evaluating Metrics
2021-01-28 21:15:56,342:INFO:Compiling Metrics
2021-01-28 21:15:56,346:INFO:Initializing Fold 9
2021-01-28 21:15:56,347:INFO:Fitting Model
2021-01-28 21:15:58,533:INFO:Evaluating Metrics
2021-01-28 21:15:58,541:INFO:Compiling Metrics
2021-01-28 21:15:58,545:INFO:Initializing Fold 10
2021-01-28 21:15:58,546:INFO:Fitting Model
2021-01-28 21:16:00,853:INFO:Evaluating Metrics
2021-01-28 21:16:00,862:INFO:Compiling Metrics
2021-01-28 21:16:00,866:INFO:Calculating mean and std
2021-01-28 21:16:00,867:INFO:Creating metrics dataframe
2021-01-28 21:16:00,871:INFO:Finalizing model
2021-01-28 21:16:03,227:INFO:Uploading results into container
2021-01-28 21:16:03,227:INFO:Uploading model into container now
2021-01-28 21:16:03,227:INFO:create_model_container: 1
2021-01-28 21:16:03,227:INFO:master_model_container: 1
2021-01-28 21:16:03,227:INFO:display_container: 1
2021-01-28 21:16:03,227:INFO:<catboost.core.CatBoostClassifier object at 0x7fd9aba04bd0>
2021-01-28 21:16:03,227:INFO:create_model() succesfully completed......................................
2021-01-28 21:16:03,228:INFO:SubProcess create_model() end ==================================
2021-01-28 21:16:03,233:INFO:create_model_container: 1
2021-01-28 21:16:03,233:INFO:master_model_container: 1
2021-01-28 21:16:03,233:INFO:display_container: 2
2021-01-28 21:16:03,233:INFO:<catboost.core.CatBoostClassifier object at 0x7fd9aba04bd0>
2021-01-28 21:16:03,233:INFO:compare_models() succesfully completed......................................
